# JRE version: Java(TM) SE Runtime Environment (17.0.10+11) (build 17.0.10+11-LTS-240)
# Java VM: Java HotSpot(TM) 64-Bit Server VM (17.0.10+11-LTS-240, mixed mode, emulated-client, sharing, tiered, compressed oops, compressed class ptrs, g1 gc, windows-amd64)
GC Precious Log:
 CPUs: 4 total, 4 available
 Memory: 3963M
 Large Page Support: Disabled
 NUMA Support: Disabled
 Compressed Oops: Enabled (32-bit)
 Heap Region Size: 1M
 Heap Min Capacity: 8M
 Heap Initial Capacity: 62M
 Heap Max Capacity: 992M
 Pre-touch: Disabled
 Parallel Workers: 4
 Concurrent Workers: 1
 Concurrent Refinement Workers: 4
 Periodic GC: Disabled
Heap:
 garbage-first heap   total 173056K, used 75532K [0x00000000c2000000, 0x0000000100000000)
  region size 1024K, 8 young (8192K), 8 survivors (8192K)
 Metaspace       used 50317K, committed 51008K, reserved 1114112K
  class space    used 6991K, committed 7296K, reserved 1048576K
GC Heap History (20 events):
Event: 4.250 GC heap after
{Heap after GC invocations=9 (full 0):
 garbage-first heap   total 173056K, used 41312K [0x00000000c2000000, 0x0000000100000000)
  region size 1024K, 2 young (2048K), 2 survivors (2048K)
 Metaspace       used 3544K, committed 3712K, reserved 1114112K
  class space    used 430K, committed 512K, reserved 1048576K
}
Event: 5.455 GC heap before
{Heap before GC invocations=9 (full 0):
 garbage-first heap   total 173056K, used 86368K [0x00000000c2000000, 0x0000000100000000)
  region size 1024K, 45 young (46080K), 2 survivors (2048K)
 Metaspace       used 9128K, committed 9472K, reserved 1114112K
  class space    used 1220K, committed 1408K, reserved 1048576K
}
Event: 5.468 GC heap after
{Heap after GC invocations=10 (full 0):
 garbage-first heap   total 173056K, used 47142K [0x00000000c2000000, 0x0000000100000000)
  region size 1024K, 6 young (6144K), 6 survivors (6144K)
 Metaspace       used 9128K, committed 9472K, reserved 1114112K
  class space    used 1220K, committed 1408K, reserved 1048576K
}
Event: 6.267 GC heap before
{Heap before GC invocations=10 (full 0):
 garbage-first heap   total 173056K, used 98342K [0x00000000c2000000, 0x0000000100000000)
  region size 1024K, 56 young (57344K), 6 survivors (6144K)
 Metaspace       used 14974K, committed 15296K, reserved 1114112K
  class space    used 2030K, committed 2176K, reserved 1048576K
}
Event: 6.283 GC heap after
{Heap after GC invocations=11 (full 0):
 garbage-first heap   total 173056K, used 52204K [0x00000000c2000000, 0x0000000100000000)
  region size 1024K, 5 young (5120K), 5 survivors (5120K)
 Metaspace       used 14974K, committed 15296K, reserved 1114112K
  class space    used 2030K, committed 2176K, reserved 1048576K
}
Event: 6.915 GC heap before
{Heap before GC invocations=11 (full 0):
 garbage-first heap   total 173056K, used 118764K [0x00000000c2000000, 0x0000000100000000)
  region size 1024K, 71 young (72704K), 5 survivors (5120K)
 Metaspace       used 19578K, committed 20032K, reserved 1114112K
  class space    used 2670K, committed 2880K, reserved 1048576K
}
Event: 6.941 GC heap after
{Heap after GC invocations=12 (full 0):
 garbage-first heap   total 173056K, used 56819K [0x00000000c2000000, 0x0000000100000000)
  region size 1024K, 9 young (9216K), 9 survivors (9216K)
 Metaspace       used 19578K, committed 20032K, reserved 1114112K
  class space    used 2670K, committed 2880K, reserved 1048576K
}
Event: 7.143 GC heap before
{Heap before GC invocations=12 (full 0):
 garbage-first heap   total 173056K, used 74227K [0x00000000c2000000, 0x0000000100000000)
  region size 1024K, 28 young (28672K), 9 survivors (9216K)
 Metaspace       used 21146K, committed 21504K, reserved 1114112K
  class space    used 2865K, committed 3072K, reserved 1048576K
}
Event: 7.162 GC heap after
{Heap after GC invocations=13 (full 0):
 garbage-first heap   total 173056K, used 58624K [0x00000000c2000000, 0x0000000100000000)
  region size 1024K, 2 young (2048K), 2 survivors (2048K)
 Metaspace       used 21146K, committed 21504K, reserved 1114112K
  class space    used 2865K, committed 3072K, reserved 1048576K
}
Event: 8.472 GC heap before
{Heap before GC invocations=14 (full 0):
 garbage-first heap   total 173056K, used 129280K [0x00000000c2000000, 0x0000000100000000)
  region size 1024K, 73 young (74752K), 2 survivors (2048K)
 Metaspace       used 29341K, committed 29760K, reserved 1114112K
  class space    used 3881K, committed 4096K, reserved 1048576K
}
Event: 8.483 GC heap after
{Heap after GC invocations=15 (full 0):
 garbage-first heap   total 173056K, used 62182K [0x00000000c2000000, 0x0000000100000000)
  region size 1024K, 7 young (7168K), 7 survivors (7168K)
 Metaspace       used 29341K, committed 29760K, reserved 1114112K
  class space    used 3881K, committed 4096K, reserved 1048576K
}
Event: 8.489 GC heap before
{Heap before GC invocations=15 (full 0):
 garbage-first heap   total 173056K, used 63206K [0x00000000c2000000, 0x0000000100000000)
  region size 1024K, 8 young (8192K), 7 survivors (7168K)
 Metaspace       used 29416K, committed 29824K, reserved 1114112K
  class space    used 3891K, committed 4096K, reserved 1048576K
}
Event: 8.498 GC heap after
{Heap after GC invocations=16 (full 0):
 garbage-first heap   total 173056K, used 60949K [0x00000000c2000000, 0x0000000100000000)
  region size 1024K, 1 young (1024K), 1 survivors (1024K)
 Metaspace       used 29416K, committed 29824K, reserved 1114112K
  class space    used 3891K, committed 4096K, reserved 1048576K
}
Event: 9.419 GC heap before
{Heap before GC invocations=16 (full 0):
 garbage-first heap   total 173056K, used 131605K [0x00000000c2000000, 0x0000000100000000)
  region size 1024K, 71 young (72704K), 1 survivors (1024K)
 Metaspace       used 34514K, committed 34944K, reserved 1114112K
  class space    used 4841K, committed 5056K, reserved 1048576K
}
Event: 9.425 GC heap after
{Heap after GC invocations=17 (full 0):
 garbage-first heap   total 173056K, used 62680K [0x00000000c2000000, 0x0000000100000000)
  region size 1024K, 3 young (3072K), 3 survivors (3072K)
 Metaspace       used 34514K, committed 34944K, reserved 1114112K
  class space    used 4841K, committed 5056K, reserved 1048576K
}
Event: 10.821 GC heap before
{Heap before GC invocations=18 (full 0):
 garbage-first heap   total 173056K, used 137432K [0x00000000c2000000, 0x0000000100000000)
  region size 1024K, 74 young (75776K), 3 survivors (3072K)
 Metaspace       used 42985K, committed 43520K, reserved 1114112K
  class space    used 6123K, committed 6336K, reserved 1048576K
}
Event: 10.837 GC heap after
{Heap after GC invocations=19 (full 0):
 garbage-first heap   total 173056K, used 68465K [0x00000000c2000000, 0x0000000100000000)
  region size 1024K, 9 young (9216K), 9 survivors (9216K)
 Metaspace       used 42985K, committed 43520K, reserved 1114112K
  class space    used 6123K, committed 6336K, reserved 1048576K
}
Event: 10.842 GC heap before
{Heap before GC invocations=19 (full 0):
 garbage-first heap   total 173056K, used 69489K [0x00000000c2000000, 0x0000000100000000)
  region size 1024K, 10 young (10240K), 9 survivors (9216K)
 Metaspace       used 42985K, committed 43520K, reserved 1114112K
  class space    used 6123K, committed 6336K, reserved 1048576K
}
Event: 10.858 GC heap after
{Heap after GC invocations=20 (full 0):
 garbage-first heap   total 173056K, used 68505K [0x00000000c2000000, 0x0000000100000000)
  region size 1024K, 1 young (1024K), 1 survivors (1024K)
 Metaspace       used 42985K, committed 43520K, reserved 1114112K
  class space    used 6123K, committed 6336K, reserved 1048576K
}
Event: 11.781 GC heap before
{Heap before GC invocations=20 (full 0):
 garbage-first heap   total 173056K, used 136089K [0x00000000c2000000, 0x0000000100000000)
  region size 1024K, 68 young (69632K), 1 survivors (1024K)
 Metaspace       used 50317K, committed 51008K, reserved 1114112K
  class space    used 6991K, committed 7296K, reserved 1048576K
}

